Using pre-set license

 COMMAND LINE ARGUMENTS:
/Applications/Unity/Hub/Editor/2020.3.10f1/Unity.app/Contents/MacOS/Unity
-adb2
-batchMode
-noUpm
-name
AssetImportWorker0
-projectPath
/Users/adisauter/Documents/Studium/4. Semester/Teamprojekt/Projekt/21Teamprojekt
-logFile
Logs/AssetImportWorker0.log
-srvPort
57102
Successfully changed project path to: /Users/adisauter/Documents/Studium/4. Semester/Teamprojekt/Projekt/21Teamprojekt
/Users/adisauter/Documents/Studium/4. Semester/Teamprojekt/Projekt/21Teamprojekt
Using Asset Import Pipeline V2.
Refreshing native plugins compatible for Editor in 73.40 ms, found 3 plugins.
Preloading 0 native plugins for Editor in 0.00 ms.
Initialize engine version: 2020.3.10f1 (297d780c91bc)
[Subsystems] Discovering subsystems at path /Applications/Unity/Hub/Editor/2020.3.10f1/Unity.app/Contents/Resources/UnitySubsystems
[Subsystems] Discovering subsystems at path /Users/adisauter/Documents/Studium/4. Semester/Teamprojekt/Projekt/21Teamprojekt/Assets
GfxDevice: creating device client; threaded=0
2021-09-05 15:44:39.240 Unity[16853:6848647] Color LCD preferred device: Intel(R) Iris(TM) Plus Graphics 645 (low power)
2021-09-05 15:44:39.240 Unity[16853:6848647] Metal devices available: 1
2021-09-05 15:44:39.241 Unity[16853:6848647] 0: Intel(R) Iris(TM) Plus Graphics 645 (low power)
2021-09-05 15:44:39.241 Unity[16853:6848647] Using device Intel(R) Iris(TM) Plus Graphics 645 (low power)
Initializing Metal device caps: Intel(R) Iris(TM) Plus Graphics 645
Initialize mono
Mono path[0] = '/Applications/Unity/Hub/Editor/2020.3.10f1/Unity.app/Contents/Managed'
Mono path[1] = '/Applications/Unity/Hub/Editor/2020.3.10f1/Unity.app/Contents/MonoBleedingEdge/lib/mono/unityjit'
Mono config path = '/Applications/Unity/Hub/Editor/2020.3.10f1/Unity.app/Contents/MonoBleedingEdge/etc'
Using monoOptions --debugger-agent=transport=dt_socket,embedding=1,server=y,suspend=n,address=127.0.0.1:56853
Begin MonoManager ReloadAssembly
Registering precompiled unity dll's ...
Register platform support module: /Applications/Unity/Hub/Editor/2020.3.10f1/Unity.app/Contents/PlaybackEngines/MacStandaloneSupport/UnityEditor.OSXStandalone.Extensions.dll
Registered in 0.002440 seconds.
Native extension for OSXStandalone target not found
Refreshing native plugins compatible for Editor in 46.27 ms, found 3 plugins.
Preloading 0 native plugins for Editor in 0.00 ms.
Mono: successfully reloaded assembly
- Completed reload, in  2.293 seconds
Platform modules already initialized, skipping
Registering precompiled user dll's ...
Registered in 0.012642 seconds.
Begin MonoManager ReloadAssembly
Native extension for OSXStandalone target not found
Refreshing native plugins compatible for Editor in 1.00 ms, found 3 plugins.
Preloading 0 native plugins for Editor in 0.00 ms.
Mono: successfully reloaded assembly
- Completed reload, in  1.353 seconds
Platform modules already initialized, skipping
========================================================================
Worker process is ready to serve import requests
Launching external process: /Applications/Unity/Hub/Editor/2020.3.10f1/Unity.app/Contents/Tools/UnityShaderCompiler
Launched and connected shader compiler UnityShaderCompiler after 0.02 seconds
Refreshing native plugins compatible for Editor in 0.58 ms, found 3 plugins.
Preloading 0 native plugins for Editor in 0.00 ms.
Unloading 1546 Unused Serialized files (Serialized files now loaded: 0)
System memory in use before: 151.9 MB.
System memory in use after: 152.0 MB.

Unloading 34 unused Assets to reduce memory usage. Loaded Objects now: 1980.
Total: 2.257173 ms (FindLiveObjects: 0.196522 ms CreateObjectMapping: 0.056282 ms MarkObjects: 1.917556 ms  DeleteObjects: 0.085662 ms)

========================================================================
Received Import Request.
  path: Assets/ZFBrowser/Scripts/BrowserUI/RaycastScript.cs
  artifactKey: Guid(6094b200aacc7a44e8514d0efc772531) Importer(815301076,1909f56bfc062723c751e8b465ee728b)
Start importing Assets/ZFBrowser/Scripts/BrowserUI/RaycastScript.cs using Guid(6094b200aacc7a44e8514d0efc772531) Importer(815301076,1909f56bfc062723c751e8b465ee728b)  -> (artifact id: 'bc59492260e063b67f322e902af4a595') in 0.478045 seconds
  Import took 0.482074 seconds .

