Using pre-set license

 COMMAND LINE ARGUMENTS:
/Applications/Unity/Hub/Editor/2020.3.10f1/Unity.app/Contents/MacOS/Unity
-adb2
-batchMode
-noUpm
-name
AssetImportWorker2
-projectPath
/Users/adisauter/Documents/Studium/4. Semester/Teamprojekt/Projekt/21Teamprojekt
-logFile
Logs/AssetImportWorker2.log
-srvPort
49540
Successfully changed project path to: /Users/adisauter/Documents/Studium/4. Semester/Teamprojekt/Projekt/21Teamprojekt
/Users/adisauter/Documents/Studium/4. Semester/Teamprojekt/Projekt/21Teamprojekt
Using Asset Import Pipeline V2.
Refreshing native plugins compatible for Editor in 118.57 ms, found 3 plugins.
Preloading 0 native plugins for Editor in 0.00 ms.
Initialize engine version: 2020.3.10f1 (297d780c91bc)
[Subsystems] Discovering subsystems at path /Applications/Unity/Hub/Editor/2020.3.10f1/Unity.app/Contents/Resources/UnitySubsystems
[Subsystems] Discovering subsystems at path /Users/adisauter/Documents/Studium/4. Semester/Teamprojekt/Projekt/21Teamprojekt/Assets
GfxDevice: creating device client; threaded=0
2021-07-11 15:13:37.228 Unity[4493:38525] Color LCD preferred device: Intel(R) Iris(TM) Plus Graphics 645 (low power)
2021-07-11 15:13:37.228 Unity[4493:38525] Metal devices available: 1
2021-07-11 15:13:37.228 Unity[4493:38525] 0: Intel(R) Iris(TM) Plus Graphics 645 (low power)
2021-07-11 15:13:37.228 Unity[4493:38525] Using device Intel(R) Iris(TM) Plus Graphics 645 (low power)
Initializing Metal device caps: Intel(R) Iris(TM) Plus Graphics 645
Initialize mono
Mono path[0] = '/Applications/Unity/Hub/Editor/2020.3.10f1/Unity.app/Contents/Managed'
Mono path[1] = '/Applications/Unity/Hub/Editor/2020.3.10f1/Unity.app/Contents/MonoBleedingEdge/lib/mono/unityjit'
Mono config path = '/Applications/Unity/Hub/Editor/2020.3.10f1/Unity.app/Contents/MonoBleedingEdge/etc'
Using monoOptions --debugger-agent=transport=dt_socket,embedding=1,server=y,suspend=n,address=127.0.0.1:56493
Begin MonoManager ReloadAssembly
Registering precompiled unity dll's ...
Register platform support module: /Applications/Unity/Hub/Editor/2020.3.10f1/Unity.app/Contents/PlaybackEngines/MacStandaloneSupport/UnityEditor.OSXStandalone.Extensions.dll
Registered in 0.000549 seconds.
Native extension for OSXStandalone target not found
Refreshing native plugins compatible for Editor in 62.11 ms, found 3 plugins.
Preloading 0 native plugins for Editor in 0.00 ms.
Mono: successfully reloaded assembly
- Completed reload, in  1.641 seconds
Platform modules already initialized, skipping
Registering precompiled user dll's ...
Registered in 0.008002 seconds.
Begin MonoManager ReloadAssembly
Native extension for OSXStandalone target not found
Refreshing native plugins compatible for Editor in 0.62 ms, found 3 plugins.
Preloading 0 native plugins for Editor in 0.00 ms.
Mono: successfully reloaded assembly
- Completed reload, in  1.318 seconds
Platform modules already initialized, skipping
========================================================================
Worker process is ready to serve import requests
Launching external process: /Applications/Unity/Hub/Editor/2020.3.10f1/Unity.app/Contents/Tools/UnityShaderCompiler
Launched and connected shader compiler UnityShaderCompiler after 0.01 seconds
Refreshing native plugins compatible for Editor in 0.62 ms, found 3 plugins.
Preloading 0 native plugins for Editor in 0.00 ms.
Unloading 1549 Unused Serialized files (Serialized files now loaded: 0)
System memory in use before: 152.0 MB.
System memory in use after: 152.1 MB.

Unloading 36 unused Assets to reduce memory usage. Loaded Objects now: 1980.
Total: 2.115565 ms (FindLiveObjects: 0.185913 ms CreateObjectMapping: 0.055384 ms MarkObjects: 1.751948 ms  DeleteObjects: 0.121515 ms)

========================================================================
Received Import Request.
  path: Assets/ZFBrowser/Prefabs/ExternalKeyboard (GUI).prefab
  artifactKey: Guid(80dd0453f38e90f468e3639781e35f11) Importer(815301076,1909f56bfc062723c751e8b465ee728b)
Start importing Assets/ZFBrowser/Prefabs/ExternalKeyboard (GUI).prefab using Guid(80dd0453f38e90f468e3639781e35f11) Importer(815301076,1909f56bfc062723c751e8b465ee728b)  -> (artifact id: '80a4d53338769a32c939d323ed8125fd') in 1.241711 seconds
  Import took 1.246818 seconds .

========================================================================
Received Import Request.
  Time since last request: 0.000354 seconds.
  path: Assets/Materials/Table Material/19_cork texture-seamless.jpg
  artifactKey: Guid(d214b0f18c4c137419d5951bca32fb04) Importer(815301076,1909f56bfc062723c751e8b465ee728b)
Start importing Assets/Materials/Table Material/19_cork texture-seamless.jpg using Guid(d214b0f18c4c137419d5951bca32fb04) Importer(815301076,1909f56bfc062723c751e8b465ee728b)  -> (artifact id: '5cbfd5be27ca93966aa246bad3eeb12e') in 1.569555 seconds
  Import took 1.573681 seconds .

========================================================================
Received Import Request.
  Time since last request: 0.000253 seconds.
  path: Assets/ZFBrowser/Scripts/BrowserUI/ExtractImage.cs
  artifactKey: Guid(8133228dc15f43c4ebf539e7ea9112c7) Importer(815301076,1909f56bfc062723c751e8b465ee728b)
Start importing Assets/ZFBrowser/Scripts/BrowserUI/ExtractImage.cs using Guid(8133228dc15f43c4ebf539e7ea9112c7) Importer(815301076,1909f56bfc062723c751e8b465ee728b)  -> (artifact id: '82df2a35b46b9ec16650fe407b5ff227') in 0.425766 seconds
  Import took 0.429369 seconds .

========================================================================
Received Import Request.
  Time since last request: 0.000246 seconds.
  path: Assets/ZFBrowser/Prefabs/ExternalKeyboard.prefab
  artifactKey: Guid(5d7c381cc86ee934083552b6fc2c4e62) Importer(815301076,1909f56bfc062723c751e8b465ee728b)
Start importing Assets/ZFBrowser/Prefabs/ExternalKeyboard.prefab using Guid(5d7c381cc86ee934083552b6fc2c4e62) Importer(815301076,1909f56bfc062723c751e8b465ee728b)  -> (artifact id: 'b305b29a01e870fbf1b2a2aca8e34f3f') in 0.052156 seconds
  Import took 0.056509 seconds .

========================================================================
Received Import Request.
  Time since last request: 0.000434 seconds.
  path: Assets/Images/Information/Example Panel.jpg
  artifactKey: Guid(3ccc40d0311eaf91f8d27e6aaf81f63c) Importer(815301076,1909f56bfc062723c751e8b465ee728b)
Start importing Assets/Images/Information/Example Panel.jpg using Guid(3ccc40d0311eaf91f8d27e6aaf81f63c) Importer(815301076,1909f56bfc062723c751e8b465ee728b)  -> (artifact id: '86553292b7aa8c9dd542280d41ca6d76') in 0.016662 seconds
  Import took 0.021095 seconds .

========================================================================
Received Prepare
Registering precompiled user dll's ...
Registered in 0.013545 seconds.
Begin MonoManager ReloadAssembly
Native extension for OSXStandalone target not found
Refreshing native plugins compatible for Editor in 0.67 ms, found 3 plugins.
Preloading 0 native plugins for Editor in 0.00 ms.
Mono: successfully reloaded assembly
- Completed reload, in  1.424 seconds
Platform modules already initialized, skipping
Refreshing native plugins compatible for Editor in 0.70 ms, found 3 plugins.
Preloading 0 native plugins for Editor in 0.00 ms.
Unloading 1526 Unused Serialized files (Serialized files now loaded: 0)
System memory in use before: 166.8 MB.
System memory in use after: 166.9 MB.

Unloading 31 unused Assets to reduce memory usage. Loaded Objects now: 1995.
Total: 2.022691 ms (FindLiveObjects: 0.227654 ms CreateObjectMapping: 0.057828 ms MarkObjects: 1.698994 ms  DeleteObjects: 0.037213 ms)

========================================================================
Received Import Request.
  Time since last request: 334.259143 seconds.
  path: Assets/ZFBrowser/Scripts
  artifactKey: Guid(56b8faaae4b14ef46be6a4552ecae7fb) Importer(815301076,1909f56bfc062723c751e8b465ee728b)
Start importing Assets/ZFBrowser/Scripts using Guid(56b8faaae4b14ef46be6a4552ecae7fb) Importer(815301076,1909f56bfc062723c751e8b465ee728b)  -> (artifact id: '20b7e93c54b35424b84005e0850dedc1') in 0.004476 seconds
  Import took 0.009478 seconds .

========================================================================
Received Import Request.
  Time since last request: 0.150291 seconds.
  path: Assets/ZFBrowser/Scripts/ZFBrowser.asmdef
  artifactKey: Guid(8b34362e30924cc4c898574d4e3cbff3) Importer(815301076,1909f56bfc062723c751e8b465ee728b)
Start importing Assets/ZFBrowser/Scripts/ZFBrowser.asmdef using Guid(8b34362e30924cc4c898574d4e3cbff3) Importer(815301076,1909f56bfc062723c751e8b465ee728b)  -> (artifact id: 'c86e7b0e3285d6567d4c415f0f0b4823') in 0.388646 seconds
  Import took 0.393328 seconds .

========================================================================
Received Import Request.
  Time since last request: 11.514484 seconds.
  path: Assets/ZFBrowser/Scripts/BrowserUI
  artifactKey: Guid(e460e45c0d5976544a2af3c86b00bdb9) Importer(815301076,1909f56bfc062723c751e8b465ee728b)
Start importing Assets/ZFBrowser/Scripts/BrowserUI using Guid(e460e45c0d5976544a2af3c86b00bdb9) Importer(815301076,1909f56bfc062723c751e8b465ee728b)  -> (artifact id: '1d6c18b61f6ceb45ad9c8f07d13014d5') in 0.001708 seconds
  Import took 0.006697 seconds .

========================================================================
Received Import Request.
  Time since last request: 1.751949 seconds.
  path: Assets/ZFBrowser/Scripts/BrowserUI/MouseClickRobot.cs
  artifactKey: Guid(de1077a9f6d391b468b2a82d7e903eb4) Importer(815301076,1909f56bfc062723c751e8b465ee728b)
Start importing Assets/ZFBrowser/Scripts/BrowserUI/MouseClickRobot.cs using Guid(de1077a9f6d391b468b2a82d7e903eb4) Importer(815301076,1909f56bfc062723c751e8b465ee728b)  -> (artifact id: '95aa6e482c4c5022b5ae3c40ad24f27c') in 0.008452 seconds
  Import took 0.012115 seconds .

========================================================================
Received Import Request.
  Time since last request: 0.004179 seconds.
  path: Assets/ZFBrowser/Scripts/BrowserUI/MouseClickRobot.cs
  artifactKey: Guid(de1077a9f6d391b468b2a82d7e903eb4) Importer(815301076,1909f56bfc062723c751e8b465ee728b)
Start importing Assets/ZFBrowser/Scripts/BrowserUI/MouseClickRobot.cs using Guid(de1077a9f6d391b468b2a82d7e903eb4) Importer(815301076,1909f56bfc062723c751e8b465ee728b)  -> (artifact id: '95aa6e482c4c5022b5ae3c40ad24f27c') in 0.003978 seconds
  Import took 0.007882 seconds .

========================================================================
Received Prepare
Registering precompiled user dll's ...
Registered in 0.006483 seconds.
Begin MonoManager ReloadAssembly
Native extension for OSXStandalone target not found
Refreshing native plugins compatible for Editor in 0.64 ms, found 3 plugins.
Preloading 0 native plugins for Editor in 0.00 ms.
Mono: successfully reloaded assembly
- Completed reload, in  1.327 seconds
Platform modules already initialized, skipping
Refreshing native plugins compatible for Editor in 0.64 ms, found 3 plugins.
Preloading 0 native plugins for Editor in 0.00 ms.
Unloading 1526 Unused Serialized files (Serialized files now loaded: 0)
System memory in use before: 171.3 MB.
System memory in use after: 171.5 MB.

Unloading 31 unused Assets to reduce memory usage. Loaded Objects now: 1998.
Total: 2.465931 ms (FindLiveObjects: 0.275412 ms CreateObjectMapping: 0.078385 ms MarkObjects: 2.072507 ms  DeleteObjects: 0.038484 ms)

========================================================================
Received Prepare
Registering precompiled user dll's ...
Registered in 0.010103 seconds.
Begin MonoManager ReloadAssembly
Native extension for OSXStandalone target not found
Refreshing native plugins compatible for Editor in 0.64 ms, found 3 plugins.
Preloading 0 native plugins for Editor in 0.00 ms.
Mono: successfully reloaded assembly
- Completed reload, in  1.297 seconds
Platform modules already initialized, skipping
Refreshing native plugins compatible for Editor in 0.63 ms, found 3 plugins.
Preloading 0 native plugins for Editor in 0.00 ms.
Unloading 1526 Unused Serialized files (Serialized files now loaded: 0)
System memory in use before: 171.6 MB.
System memory in use after: 171.7 MB.

Unloading 31 unused Assets to reduce memory usage. Loaded Objects now: 2001.
Total: 3.298188 ms (FindLiveObjects: 0.475818 ms CreateObjectMapping: 0.398526 ms MarkObjects: 2.369872 ms  DeleteObjects: 0.050972 ms)

========================================================================
Received Prepare
Registering precompiled user dll's ...
Registered in 0.013358 seconds.
Begin MonoManager ReloadAssembly
Native extension for OSXStandalone target not found
Refreshing native plugins compatible for Editor in 0.65 ms, found 3 plugins.
Preloading 0 native plugins for Editor in 0.00 ms.
Mono: successfully reloaded assembly
- Completed reload, in  1.355 seconds
Platform modules already initialized, skipping
Refreshing native plugins compatible for Editor in 1.27 ms, found 3 plugins.
Preloading 0 native plugins for Editor in 0.00 ms.
Unloading 1526 Unused Serialized files (Serialized files now loaded: 0)
System memory in use before: 171.8 MB.
System memory in use after: 171.9 MB.

Unloading 31 unused Assets to reduce memory usage. Loaded Objects now: 2004.
Total: 3.558596 ms (FindLiveObjects: 0.588123 ms CreateObjectMapping: 0.235668 ms MarkObjects: 2.684567 ms  DeleteObjects: 0.048913 ms)

========================================================================
Received Import Request.
  Time since last request: 740.989253 seconds.
  path: Assets/ZFBrowser/Scripts/BrowserUI/ExtractImage.cs
  artifactKey: Guid(8133228dc15f43c4ebf539e7ea9112c7) Importer(815301076,1909f56bfc062723c751e8b465ee728b)
Start importing Assets/ZFBrowser/Scripts/BrowserUI/ExtractImage.cs using Guid(8133228dc15f43c4ebf539e7ea9112c7) Importer(815301076,1909f56bfc062723c751e8b465ee728b)  -> (artifact id: '5106ffde911808ba043af99f4f1edb48') in 0.011484 seconds
  Import took 0.015320 seconds .

========================================================================
Received Prepare
Registering precompiled user dll's ...
Registered in 0.004803 seconds.
Begin MonoManager ReloadAssembly
Native extension for OSXStandalone target not found
Refreshing native plugins compatible for Editor in 0.70 ms, found 3 plugins.
Preloading 0 native plugins for Editor in 0.00 ms.
Mono: successfully reloaded assembly
- Completed reload, in  1.337 seconds
Platform modules already initialized, skipping
Refreshing native plugins compatible for Editor in 0.78 ms, found 3 plugins.
Preloading 0 native plugins for Editor in 0.00 ms.
Unloading 1526 Unused Serialized files (Serialized files now loaded: 0)
System memory in use before: 172.0 MB.
System memory in use after: 172.2 MB.

Unloading 31 unused Assets to reduce memory usage. Loaded Objects now: 2007.
Total: 2.044377 ms (FindLiveObjects: 0.181415 ms CreateObjectMapping: 0.058458 ms MarkObjects: 1.772980 ms  DeleteObjects: 0.030306 ms)

========================================================================
Received Import Request.
  Time since last request: 116.256624 seconds.
  path: Assets/ZFBrowser/Scripts/BrowserUI/ExtractImage.cs
  artifactKey: Guid(8133228dc15f43c4ebf539e7ea9112c7) Importer(815301076,1909f56bfc062723c751e8b465ee728b)
Start importing Assets/ZFBrowser/Scripts/BrowserUI/ExtractImage.cs using Guid(8133228dc15f43c4ebf539e7ea9112c7) Importer(815301076,1909f56bfc062723c751e8b465ee728b)  -> (artifact id: '9735f08693e05657edce95bfc07d5411') in 0.006850 seconds
  Import took 0.010414 seconds .

========================================================================
Received Prepare
Registering precompiled user dll's ...
Registered in 0.016094 seconds.
Begin MonoManager ReloadAssembly
Native extension for OSXStandalone target not found
Refreshing native plugins compatible for Editor in 0.65 ms, found 3 plugins.
Preloading 0 native plugins for Editor in 0.00 ms.
Mono: successfully reloaded assembly
- Completed reload, in  1.268 seconds
Platform modules already initialized, skipping
Refreshing native plugins compatible for Editor in 0.83 ms, found 3 plugins.
Preloading 0 native plugins for Editor in 0.00 ms.
Unloading 1526 Unused Serialized files (Serialized files now loaded: 0)
System memory in use before: 172.3 MB.
System memory in use after: 172.4 MB.

Unloading 31 unused Assets to reduce memory usage. Loaded Objects now: 2010.
Total: 2.016604 ms (FindLiveObjects: 0.202592 ms CreateObjectMapping: 0.069203 ms MarkObjects: 1.720293 ms  DeleteObjects: 0.023336 ms)

